# PHASE 1 EVOLUTION LOG — 2026-02-25

status: COMPLETE
phase: 1
scope: OAuth3 Core + Browser Automation Wrapper (reference implementation)
rung_target: 65537 (session execution at local validation rung)

## Deliverables
- `src/oauth3/evidence.py` — hash-chained JSONL evidence chain
- `src/oauth3/vault.py` — issue/verify/revoke/scope-check token vault
- `src/oauth3/__init__.py` — exported vault/evidence interfaces
- `src/browser_layers.py` — L1-L5 wrapper contracts (heartbeat/intent/recipe/execute/evidence)
- `src/browser_gate.py` — browser-facing 4-gate result + gate audit record builder
- `tests/test_oauth3_vault_phase1.py` — Phase 1 vault unit tests
- `tests/__init__.py` — package marker for intra-test imports
- `scratch/todo/PHASE_1_OAuth3_Core.md` — session checklist

## Red/Green Evidence
- RED: `artifacts/phase1_session_2026-02-25/repro_red.log` (exit=1)
- GREEN: `artifacts/phase1_session_2026-02-25/repro_green.log` (exit=0)
- Summary: `artifacts/phase1_session_2026-02-25/tests.json`
- Screenshot: `artifacts/phase1_session_2026-02-25/phase1_reference_screenshot.png`

## Test Command
`python -m pytest tests/test_oauth3_core.py tests/test_oauth3_vault_phase1.py tests/test_diagrams/test_multi_layer_architecture.py tests/test_diagrams/test_oauth3_enforcement.py -q`

## Result
- passed: 185
- failed: 0
- xfailed: 18
- xpassed: 1

## Dependency Gate
`solaceagi` dependency check: no `"Phase 3 COMPLETE"` marker found under `/home/phuc/projects/solaceagi/dragon/evolution/` during this session.
Phase 5 remains BLOCKED.
